[debug] [2023-03-04T11:28:28.857Z] ----------------------------------------------------------------------
[debug] [2023-03-04T11:28:28.860Z] Command:       C:\Program Files\nodejs\node.exe C:\Users\ATHIRA M J\AppData\Roaming\npm\node_modules\firebase-tools\lib\bin\firebase.js init
[debug] [2023-03-04T11:28:28.861Z] CLI Version:   11.22.0
[debug] [2023-03-04T11:28:28.861Z] Platform:      win32
[debug] [2023-03-04T11:28:28.861Z] Node Version:  v18.14.2
[debug] [2023-03-04T11:28:28.875Z] Time:          Sat Mar 04 2023 16:58:28 GMT+0530 (India Standard Time)
[debug] [2023-03-04T11:28:28.875Z] ----------------------------------------------------------------------
[debug] 
[debug] [2023-03-04T11:28:28.887Z] >>> [apiv2][query] GET https://firebase-public.firebaseio.com/cli.json [none]
[debug] [2023-03-04T11:28:29.081Z] > command requires scopes: ["email","openid","https://www.googleapis.com/auth/cloudplatformprojects.readonly","https://www.googleapis.com/auth/firebase","https://www.googleapis.com/auth/cloud-platform"]
[debug] [2023-03-04T11:28:29.082Z] > authorizing via signed-in user (athira@baabte.com)
[info] 
     ######## #### ########  ######## ########     ###     ######  ########
     ##        ##  ##     ## ##       ##     ##  ##   ##  ##       ##
     ######    ##  ########  ######   ########  #########  ######  ######
     ##        ##  ##    ##  ##       ##     ## ##     ##       ## ##
     ##       #### ##     ## ######## ########  ##     ##  ######  ########

You're about to initialize a Firebase project in this directory:

  D:\Baabtra React Course\LMS_REACT\react-linked-in

[debug] [2023-03-04T11:28:30.209Z] <<< [apiv2][status] GET https://firebase-public.firebaseio.com/cli.json 200
[debug] [2023-03-04T11:28:30.210Z] <<< [apiv2][body] GET https://firebase-public.firebaseio.com/cli.json {"cloudBuildErrorAfter":1594252800000,"cloudBuildWarnAfter":1590019200000,"defaultNode10After":1594252800000,"minVersion":"3.0.5","node8DeploysDisabledAfter":1613390400000,"node8RuntimeDisabledAfter":1615809600000,"node8WarnAfter":1600128000000}
[info] 
=== Project Setup
[info] 
[info] First, let's associate this project directory with a Firebase project.
[info] You can create multiple project aliases by running firebase use --add, 
[info] but for now we'll just set up a default project.
[info] 
[debug] [2023-03-04T11:29:50.094Z] > refreshing access token with scopes: []
[debug] [2023-03-04T11:29:50.097Z] >>> [apiv2][query] POST https://www.googleapis.com/oauth2/v3/token [none]
[debug] [2023-03-04T11:29:50.097Z] >>> [apiv2][body] POST https://www.googleapis.com/oauth2/v3/token [omitted]
[debug] [2023-03-04T11:29:50.594Z] <<< [apiv2][status] POST https://www.googleapis.com/oauth2/v3/token 200
[debug] [2023-03-04T11:29:50.594Z] <<< [apiv2][body] POST https://www.googleapis.com/oauth2/v3/token [omitted]
[debug] [2023-03-04T11:29:50.620Z] >>> [apiv2][query] GET https://firebase.googleapis.com/v1beta1/projects pageSize=100
[debug] [2023-03-04T11:29:51.729Z] <<< [apiv2][status] GET https://firebase.googleapis.com/v1beta1/projects 200
[debug] [2023-03-04T11:29:51.730Z] <<< [apiv2][body] GET https://firebase.googleapis.com/v1beta1/projects [omitted]
